[INFO] Scanning for projects...
[INFO]                                                                         
[INFO] ------------------------------------------------------------------------
[INFO] Building SWD12 PSE Project 1.0-SNAPSHOT
[INFO] ------------------------------------------------------------------------
[INFO] 
[INFO] >>> wildfly-maven-plugin:1.0.2.Final:deploy (default-cli) > package @ fhj-ws2014-sd12-pse >>>
[INFO] 
[INFO] --- maven-resources-plugin:2.6:resources (default-resources) @ fhj-ws2014-sd12-pse ---
[INFO] Using 'UTF-8' encoding to copy filtered resources.
[INFO] Copying 5 resources
[INFO] 
[INFO] --- maven-compiler-plugin:3.1:compile (default-compile) @ fhj-ws2014-sd12-pse ---
[INFO] Nothing to compile - all classes are up to date
[INFO] 
[INFO] --- maven-resources-plugin:2.6:testResources (default-testResources) @ fhj-ws2014-sd12-pse ---
[INFO] Using 'UTF-8' encoding to copy filtered resources.
[INFO] Copying 0 resource
[INFO] 
[INFO] --- maven-compiler-plugin:3.1:testCompile (default-testCompile) @ fhj-ws2014-sd12-pse ---
[INFO] Nothing to compile - all classes are up to date
[INFO] 
[INFO] --- maven-surefire-plugin:2.12.4:test (default-test) @ fhj-ws2014-sd12-pse ---
[INFO] Surefire report directory: /home/student/psx/target/surefire-reports

-------------------------------------------------------
 T E S T S
-------------------------------------------------------
Running at.fhj.swd.model.services.UserServiceTest
Tests run: 2, Failures: 0, Errors: 0, Skipped: 0, Time elapsed: 0.052 sec
Running at.fhj.swd.model.data.UserDAOTest
Tests run: 1, Failures: 0, Errors: 0, Skipped: 0, Time elapsed: 0 sec
Running at.fhj.swd.model.entity.UserTest
Tests run: 11, Failures: 0, Errors: 0, Skipped: 0, Time elapsed: 0 sec
Running at.fhj.swd.controller.UserSiteControllerTest
Tests run: 10, Failures: 0, Errors: 0, Skipped: 0, Time elapsed: 0.004 sec

Results :

Tests run: 24, Failures: 0, Errors: 0, Skipped: 0

[INFO] 
[INFO] --- maven-war-plugin:2.1.1:war (default-war) @ fhj-ws2014-sd12-pse ---
[INFO] Packaging webapp
[INFO] Assembling webapp [fhj-ws2014-sd12-pse] in [/home/student/psx/target/fhj-ws2014-sd12-pse]
[INFO] Processing war project
[INFO] Copying webapp resources [/home/student/psx/src/main/webapp]
[INFO] Webapp assembled in [75 msecs]
[INFO] Building war: /home/student/psx/target/fhj-ws2014-sd12-pse.war
[INFO] WEB-INF/web.xml already added, skipping
[INFO] 
[INFO] <<< wildfly-maven-plugin:1.0.2.Final:deploy (default-cli) < package @ fhj-ws2014-sd12-pse <<<
[INFO] 
[INFO] --- wildfly-maven-plugin:1.0.2.Final:deploy (default-cli) @ fhj-ws2014-sd12-pse ---
[INFO] ------------------------------------------------------------------------
[INFO] BUILD FAILURE
[INFO] ------------------------------------------------------------------------
[INFO] Total time: 7.923 s
[INFO] Finished at: 2014-11-10T14:34:38+01:00
[INFO] Final Memory: 16M/140M
[INFO] ------------------------------------------------------------------------
[ERROR] Failed to execute goal org.wildfly.plugins:wildfly-maven-plugin:1.0.2.Final:deploy (default-cli) on project fhj-ws2014-sd12-pse: Could not execute goal deploy on /home/student/psx/target/fhj-ws2014-sd12-pse.war. Reason: I/O Error could not execute operation '{
[ERROR] "operation" => "read-attribute",
[ERROR] "address" => [],
[ERROR] "name" => "launch-type"
[ERROR] }': java.net.ConnectException: JBAS012144: Could not connect to http-remoting://127.0.0.1:9990. The connection timed out
[ERROR] -> [Help 1]
[ERROR] 
[ERROR] To see the full stack trace of the errors, re-run Maven with the -e switch.
[ERROR] Re-run Maven using the -X switch to enable full debug logging.
[ERROR] 
[ERROR] For more information about the errors and possible solutions, please read the following articles:
[ERROR] [Help 1] http://cwiki.apache.org/confluence/display/MAVEN/MojoExecutionException
